[debug] [2022-12-25T17:47:08.053Z] ----------------------------------------------------------------------
[debug] [2022-12-25T17:47:08.056Z] Command:       C:\Program Files\nodejs\node.exe C:\Users\rosha\AppData\Roaming\npm\node_modules\firebase-tools\lib\bin\firebase.js init
[debug] [2022-12-25T17:47:08.057Z] CLI Version:   7.14.0
[debug] [2022-12-25T17:47:08.057Z] Platform:      win32
[debug] [2022-12-25T17:47:08.057Z] Node Version:  v18.12.1
[debug] [2022-12-25T17:47:08.059Z] Time:          Sun Dec 25 2022 23:32:08 GMT+0545 (Nepal Time)
[debug] [2022-12-25T17:47:08.059Z] ----------------------------------------------------------------------
[debug] [2022-12-25T17:47:08.059Z] 
[debug] [2022-12-25T17:47:08.075Z] > command requires scopes: ["email","openid","https://www.googleapis.com/auth/cloudplatformprojects.readonly","https://www.googleapis.com/auth/firebase","https://www.googleapis.com/auth/cloud-platform"]
[debug] [2022-12-25T17:47:08.075Z] > authorizing via signed-in user
[info] 
     ######## #### ########  ######## ########     ###     ######  ########
     ##        ##  ##     ## ##       ##     ##  ##   ##  ##       ##
     ######    ##  ########  ######   ########  #########  ######  ######
     ##        ##  ##    ##  ##       ##     ## ##     ##       ## ##
     ##       #### ##     ## ######## ########  ##     ##  ######  ########

You're about to initialize a Firebase project in this directory:

  F:\projects\yonghangProjects\dungeons-and-dragons

[info] 
=== Project Setup
[info] 
[info] First, let's associate this project directory with a Firebase project.
[info] You can create multiple project aliases by running firebase use --add, 
[info] but for now we'll just set up a default project.
[info] 
[debug] [2022-12-25T17:47:22.710Z] > refreshing access token with scopes: ["email","https://www.googleapis.com/auth/cloud-platform","https://www.googleapis.com/auth/cloudplatformprojects.readonly","https://www.googleapis.com/auth/firebase","openid"]
[debug] [2022-12-25T17:47:22.710Z] >>> HTTP REQUEST POST https://www.googleapis.com/oauth2/v3/token  
 <request body omitted>
[debug] [2022-12-25T17:47:23.056Z] <<< HTTP RESPONSE 400
[debug] [2022-12-25T17:47:23.057Z] >>> HTTP REQUEST GET https://firebase.googleapis.com/v1beta1/projects?pageSize=100  
 
[debug] [2022-12-25T17:47:23.520Z] <<< HTTP RESPONSE 401
[debug] [2022-12-25T17:47:23.520Z] <<< HTTP RESPONSE BODY
[debug] [2022-12-25T17:47:23.521Z] HTTP Error: 401, Request had invalid authentication credentials. Expected OAuth 2 access token, login cookie or other valid authentication credential. See https://developers.google.com/identity/sign-in/web/devconsole-project.
[debug] [2022-12-25T17:47:23.735Z] FirebaseError: HTTP Error: 401, Request had invalid authentication credentials. Expected OAuth 2 access token, login cookie or other valid authentication credential. See https://developers.google.com/identity/sign-in/web/devconsole-project.
    at module.exports (C:\Users\rosha\AppData\Roaming\npm\node_modules\firebase-tools\lib\responseToError.js:38:12)
    at Request._callback (C:\Users\rosha\AppData\Roaming\npm\node_modules\firebase-tools\lib\api.js:39:35)
    at self.callback (C:\Users\rosha\AppData\Roaming\npm\node_modules\firebase-tools\node_modules\request\request.js:185:22)
    at Request.emit (node:events:513:28)
    at Request.emit (node:domain:489:12)
    at Request.<anonymous> (C:\Users\rosha\AppData\Roaming\npm\node_modules\firebase-tools\node_modules\request\request.js:1154:10)
    at Request.emit (node:events:513:28)
    at Request.emit (node:domain:489:12)
    at IncomingMessage.<anonymous> (C:\Users\rosha\AppData\Roaming\npm\node_modules\firebase-tools\node_modules\request\request.js:1076:12)
    at Object.onceWrapper (node:events:627:28)
    at IncomingMessage.emit (node:events:525:35)
    at IncomingMessage.emit (node:domain:489:12)
    at endReadableNT (node:internal/streams/readable:1359:12)
    at process.processTicksAndRejections (node:internal/process/task_queues:82:21)
[error] 
[error] Error: Failed to list Firebase projects. See firebase-debug.log for more info.
